 Creating tb verilog from template ...
 Done
# iverilog -s RAM32 -o tb_RAM32x64.vvp -DFUNCTIONAL -I ../../pdk
iverilog -o tb_RAM32x64.vvp -DFUNCTIONAL -I ../../pdk \
tb_RAM32x64.v 
vvp tb_RAM32x64.vvp
VCD info: dumpfile tb_RAM32x64.vcd opened for output.
WRITE WORD: 0x9090909090909090 to 4(4) (0x9090909090909090, 11111111)
READ WORD: 0x9090909090909090 from 4

Finished Phase 0, starting Phase 1
WRITE WORD: 0x8181818181818181 to 24(36) (0x8181818181818181, 11111111)
READ WORD: 0x8181818181818181 from 36
WRITE WORD: 0x6363636363636363 to 8(8) (0x6363636363636363, 11111111)
READ WORD: 0x6363636363636363 from 8
WRITE WORD: 0x8d8d8d8d8d8d8d8d to c(12) (0x8d8d8d8d8d8d8d8d, 11111111)
READ WORD: 0x8d8d8d8d8d8d8d8d from 12
WRITE WORD: 0x1212121212121212 to 64(100) (0x1212121212121212, 11111111)
READ WORD: 0x1212121212121212 from 100
WRITE WORD: 0x0d0d0d0d0d0d0d0d to 0(0) (0x0d0d0d0d0d0d0d0d, 11111111)
READ WORD: 0x0d0d0d0d0d0d0d0d from 0
WRITE WORD: 0x3d3d3d3d3d3d3d3d to 74(116) (0x3d3d3d3d3d3d3d3d, 11111111)
READ WORD: 0x3d3d3d3d3d3d3d3d from 116
WRITE WORD: 0x8c8c8c8c8c8c8c8c to ec(236) (0x8c8c8c8c8c8c8c8c, 11111111)
READ WORD: 0x8c8c8c8c8c8c8c8c from 236
WRITE WORD: 0xc6c6c6c6c6c6c6c6 to f8(248) (0xc6c6c6c6c6c6c6c6, 11111111)
READ WORD: 0xc6c6c6c6c6c6c6c6 from 248
WRITE WORD: 0xaaaaaaaaaaaaaaaa to c4(196) (0xaaaaaaaaaaaaaaaa, 11111111)
READ WORD: 0xaaaaaaaaaaaaaaaa from 196
WRITE WORD: 0x7777777777777777 to e4(228) (0x7777777777777777, 11111111)
READ WORD: 0x7777777777777777 from 228
WRITE WORD: 0x8f8f8f8f8f8f8f8f to 10(16) (0x8f8f8f8f8f8f8f8f, 11111111)
READ WORD: 0x8f8f8f8f8f8f8f8f from 16
WRITE WORD: 0xcececececececece to f0(240) (0xcececececececece, 11111111)
READ WORD: 0xcececececececece from 240
WRITE WORD: 0xc5c5c5c5c5c5c5c5 to e8(232) (0xc5c5c5c5c5c5c5c5, 11111111)
READ WORD: 0xc5c5c5c5c5c5c5c5 from 232
WRITE WORD: 0xbdbdbdbdbdbdbdbd to 5c(92) (0xbdbdbdbdbdbdbdbd, 11111111)
READ WORD: 0xbdbdbdbdbdbdbdbd from 92
WRITE WORD: 0x6565656565656565 to 2c(44) (0x6565656565656565, 11111111)
READ WORD: 0x6565656565656565 from 44
WRITE WORD: 0x0a0a0a0a0a0a0a0a to 60(96) (0x0a0a0a0a0a0a0a0a, 11111111)
READ WORD: 0x0a0a0a0a0a0a0a0a from 96
WRITE WORD: 0x2020202020202020 to 80(128) (0x2020202020202020, 11111111)
READ WORD: 0x2020202020202020 from 128
WRITE WORD: 0x9d9d9d9d9d9d9d9d to a8(168) (0x9d9d9d9d9d9d9d9d, 11111111)
READ WORD: 0x9d9d9d9d9d9d9d9d from 168
WRITE WORD: 0x1313131313131313 to 94(148) (0x1313131313131313, 11111111)
READ WORD: 0x1313131313131313 from 148
WRITE WORD: 0x5353535353535353 to c(12) (0x5353535353535353, 11111111)
READ WORD: 0x5353535353535353 from 12
WRITE WORD: 0xd5d5d5d5d5d5d5d5 to 68(104) (0xd5d5d5d5d5d5d5d5, 11111111)
READ WORD: 0xd5d5d5d5d5d5d5d5 from 104
WRITE WORD: 0xaeaeaeaeaeaeaeae to 0(0) (0xaeaeaeaeaeaeaeae, 11111111)
READ WORD: 0xaeaeaeaeaeaeaeae from 0
WRITE WORD: 0xcfcfcfcfcfcfcfcf to 1c(28) (0xcfcfcfcfcfcfcfcf, 11111111)
READ WORD: 0xcfcfcfcfcfcfcfcf from 28
WRITE WORD: 0x0a0a0a0a0a0a0a0a to 20(32) (0x0a0a0a0a0a0a0a0a, 11111111)
READ WORD: 0x0a0a0a0a0a0a0a0a from 32
WRITE WORD: 0x3c3c3c3c3c3c3c3c to c8(200) (0x3c3c3c3c3c3c3c3c, 11111111)
READ WORD: 0x3c3c3c3c3c3c3c3c from 200
WRITE WORD: 0x8a8a8a8a8a8a8a8a to f0(240) (0x8a8a8a8a8a8a8a8a, 11111111)
READ WORD: 0x8a8a8a8a8a8a8a8a from 240
WRITE WORD: 0xd8d8d8d8d8d8d8d8 to 40(64) (0xd8d8d8d8d8d8d8d8, 11111111)
READ WORD: 0xd8d8d8d8d8d8d8d8 from 64
WRITE WORD: 0x8989898989898989 to 78(120) (0x8989898989898989, 11111111)
READ WORD: 0x8989898989898989 from 120
WRITE WORD: 0xb6b6b6b6b6b6b6b6 to e8(232) (0xb6b6b6b6b6b6b6b6, 11111111)
READ WORD: 0xb6b6b6b6b6b6b6b6 from 232
WRITE WORD: 0xaeaeaeaeaeaeaeae to c4(196) (0xaeaeaeaeaeaeaeae, 11111111)
READ WORD: 0xaeaeaeaeaeaeaeae from 196
WRITE WORD: 0x2a2a2a2a2a2a2a2a to bc(188) (0x2a2a2a2a2a2a2a2a, 11111111)
READ WORD: 0x2a2a2a2a2a2a2a2a from 188
WRITE WORD: 0x7171717171717171 to 8(8) (0x7171717171717171, 11111111)
READ WORD: 0x7171717171717171 from 8

Finished Phase 1, starting Phase 2
WRITE HWORD: 0x000000004f4f4f4f to 84(132) (0x4f4f4f4f00000000, 11110000)
READ WORD: 0x4f4f4f4f20202020 from 132
WRITE HWORD: 0x000000003a3a3a3a to 3a(58) (0x000000003a3a3a3a, 00001111)
READ WORD: 0xxxxxxxxx3a3a3a3a from 56
WRITE HWORD: 0x0000000015151515 to 7e(126) (0x1515151500000000, 11110000)
READ WORD: 0x1515151589898989 from 124
WRITE HWORD: 0x00000000d9d9d9d9 to f0(240) (0x00000000d9d9d9d9, 00001111)
READ WORD: 0x8a8a8a8ad9d9d9d9 from 240
WRITE HWORD: 0x000000004c4c4c4c to 62(98) (0x000000004c4c4c4c, 00001111)
READ WORD: 0x0a0a0a0a4c4c4c4c from 96
WRITE HWORD: 0x000000008f8f8f8f to 9e(158) (0x8f8f8f8f00000000, 11110000)
READ WORD: 0x8f8f8f8fxxxxxxxx from 156
WRITE HWORD: 0x00000000b7b7b7b7 to f8(248) (0x00000000b7b7b7b7, 00001111)
READ WORD: 0xc6c6c6c6b7b7b7b7 from 248
WRITE HWORD: 0x000000005c5c5c5c to 9e(158) (0x5c5c5c5c00000000, 11110000)
READ WORD: 0x5c5c5c5cxxxxxxxx from 156
WRITE HWORD: 0x0000000089898989 to 5a(90) (0x0000000089898989, 00001111)
READ WORD: 0xbdbdbdbd89898989 from 88
WRITE HWORD: 0x00000000d0d0d0d0 to 48(72) (0x00000000d0d0d0d0, 00001111)
READ WORD: 0xxxxxxxxxd0d0d0d0 from 72
WRITE HWORD: 0x0000000051515151 to d6(214) (0x5151515100000000, 11110000)
READ WORD: 0x51515151xxxxxxxx from 212
WRITE HWORD: 0x000000000c0c0c0c to 96(150) (0x0c0c0c0c00000000, 11110000)
READ WORD: 0x0c0c0c0c13131313 from 148
WRITE HWORD: 0x00000000c8c8c8c8 to c2(194) (0x00000000c8c8c8c8, 00001111)
READ WORD: 0xaeaeaeaec8c8c8c8 from 192
WRITE HWORD: 0x000000003d3d3d3d to 76(118) (0x3d3d3d3d00000000, 11110000)
READ WORD: 0x3d3d3d3d3d3d3d3d from 116
WRITE HWORD: 0x000000007e7e7e7e to 12(18) (0x000000007e7e7e7e, 00001111)
READ WORD: 0x8f8f8f8f7e7e7e7e from 16
WRITE HWORD: 0x0000000039393939 to 6c(108) (0x3939393900000000, 11110000)
READ WORD: 0x39393939d5d5d5d5 from 108
WRITE HWORD: 0x00000000d3d3d3d3 to 1e(30) (0xd3d3d3d300000000, 11110000)
READ WORD: 0xd3d3d3d3cfcfcfcf from 28
WRITE HWORD: 0x0000000078787878 to 84(132) (0x7878787800000000, 11110000)
READ WORD: 0x7878787820202020 from 132
WRITE HWORD: 0x0000000049494949 to 5a(90) (0x0000000049494949, 00001111)
READ WORD: 0xbdbdbdbd49494949 from 88
WRITE HWORD: 0x000000002a2a2a2a to 3e(62) (0x2a2a2a2a00000000, 11110000)
READ WORD: 0x2a2a2a2a3a3a3a3a from 60
WRITE HWORD: 0x0000000086868686 to 58(88) (0x0000000086868686, 00001111)
READ WORD: 0xbdbdbdbd86868686 from 88
WRITE HWORD: 0x000000009c9c9c9c to 8e(142) (0x9c9c9c9c00000000, 11110000)
READ WORD: 0x9c9c9c9cxxxxxxxx from 140
WRITE HWORD: 0x0000000026262626 to fa(250) (0x0000000026262626, 00001111)
READ WORD: 0xc6c6c6c626262626 from 248
WRITE HWORD: 0x00000000a3a3a3a3 to 72(114) (0x00000000a3a3a3a3, 00001111)
READ WORD: 0x3d3d3d3da3a3a3a3 from 112
WRITE HWORD: 0x00000000b3b3b3b3 to 2e(46) (0xb3b3b3b300000000, 11110000)
READ WORD: 0xb3b3b3b365656565 from 44
WRITE HWORD: 0x0000000044444444 to 5e(94) (0x4444444400000000, 11110000)
READ WORD: 0x4444444486868686 from 92
WRITE HWORD: 0x00000000cbcbcbcb to f6(246) (0xcbcbcbcb00000000, 11110000)
READ WORD: 0xcbcbcbcbd9d9d9d9 from 244
WRITE HWORD: 0x000000005a5a5a5a to e6(230) (0x5a5a5a5a00000000, 11110000)
READ WORD: 0x5a5a5a5a77777777 from 228
WRITE HWORD: 0x00000000edededed to 28(40) (0x00000000edededed, 00001111)
READ WORD: 0xb3b3b3b3edededed from 40
WRITE HWORD: 0x0000000065656565 to da(218) (0x0000000065656565, 00001111)
READ WORD: 0xxxxxxxxx65656565 from 216
WRITE HWORD: 0x00000000dfdfdfdf to b4(180) (0xdfdfdfdf00000000, 11110000)
READ WORD: 0xdfdfdfdfxxxxxxxx from 180
WRITE HWORD: 0x0000000044444444 to 78(120) (0x0000000044444444, 00001111)
READ WORD: 0x1515151544444444 from 120
WRITE HWORD: 0x000000002a2a2a2a to d0(208) (0x000000002a2a2a2a, 00001111)
READ WORD: 0x515151512a2a2a2a from 208
WRITE HWORD: 0x000000000e0e0e0e to aa(170) (0x000000000e0e0e0e, 00001111)
READ WORD: 0x9d9d9d9d0e0e0e0e from 168
WRITE HWORD: 0x000000009a9a9a9a to dc(220) (0x9a9a9a9a00000000, 11110000)
READ WORD: 0x9a9a9a9a65656565 from 220
WRITE HWORD: 0x00000000c3c3c3c3 to fc(252) (0xc3c3c3c300000000, 11110000)
READ WORD: 0xc3c3c3c326262626 from 252
WRITE HWORD: 0x000000004e4e4e4e to 56(86) (0x4e4e4e4e00000000, 11110000)
READ WORD: 0x4e4e4e4exxxxxxxx from 84
WRITE HWORD: 0x000000000a0a0a0a to 66(102) (0x0a0a0a0a00000000, 11110000)
READ WORD: 0x0a0a0a0a4c4c4c4c from 100
WRITE HWORD: 0x0000000038383838 to b6(182) (0x3838383800000000, 11110000)
READ WORD: 0x38383838xxxxxxxx from 180
WRITE HWORD: 0x00000000b8b8b8b8 to 78(120) (0x00000000b8b8b8b8, 00001111)
READ WORD: 0x15151515b8b8b8b8 from 120
WRITE HWORD: 0x0000000093939393 to 94(148) (0x9393939300000000, 11110000)
READ WORD: 0x9393939313131313 from 148
WRITE HWORD: 0x0000000059595959 to 4(4) (0x5959595900000000, 11110000)
READ WORD: 0x59595959aeaeaeae from 4
WRITE HWORD: 0x000000004d4d4d4d to da(218) (0x000000004d4d4d4d, 00001111)
READ WORD: 0x9a9a9a9a4d4d4d4d from 216
WRITE HWORD: 0x000000006d6d6d6d to d8(216) (0x000000006d6d6d6d, 00001111)
READ WORD: 0x9a9a9a9a6d6d6d6d from 216
WRITE HWORD: 0x00000000cacacaca to 76(118) (0xcacacaca00000000, 11110000)
READ WORD: 0xcacacacaa3a3a3a3 from 116
WRITE HWORD: 0x0000000095959595 to b6(182) (0x9595959500000000, 11110000)
READ WORD: 0x95959595xxxxxxxx from 180
WRITE HWORD: 0x0000000004040404 to 46(70) (0x0404040400000000, 11110000)
READ WORD: 0x04040404d8d8d8d8 from 68
WRITE HWORD: 0x0000000069696969 to f6(246) (0x6969696900000000, 11110000)
READ WORD: 0x69696969d9d9d9d9 from 244
WRITE HWORD: 0x0000000088888888 to b4(180) (0x8888888800000000, 11110000)
READ WORD: 0x88888888xxxxxxxx from 180
WRITE HWORD: 0x000000002d2d2d2d to 28(40) (0x000000002d2d2d2d, 00001111)
READ WORD: 0xb3b3b3b32d2d2d2d from 40
WRITE HWORD: 0x000000002e2e2e2e to c6(198) (0x2e2e2e2e00000000, 11110000)
READ WORD: 0x2e2e2e2ec8c8c8c8 from 196
WRITE HWORD: 0x000000001c1c1c1c to 8(8) (0x000000001c1c1c1c, 00001111)
READ WORD: 0x717171711c1c1c1c from 8
WRITE HWORD: 0x0000000029292929 to fc(252) (0x2929292900000000, 11110000)
READ WORD: 0x2929292926262626 from 252
WRITE HWORD: 0x0000000086868686 to 1c(28) (0x8686868600000000, 11110000)
READ WORD: 0x86868686cfcfcfcf from 28
WRITE HWORD: 0x000000003d3d3d3d to da(218) (0x000000003d3d3d3d, 00001111)
READ WORD: 0x9a9a9a9a3d3d3d3d from 216
WRITE HWORD: 0x0000000070707070 to 66(102) (0x7070707000000000, 11110000)
READ WORD: 0x707070704c4c4c4c from 100
WRITE HWORD: 0x00000000babababa to 72(114) (0x00000000babababa, 00001111)
READ WORD: 0xcacacacababababa from 112
WRITE HWORD: 0x00000000fafafafa to 5e(94) (0xfafafafa00000000, 11110000)
READ WORD: 0xfafafafa86868686 from 92
WRITE HWORD: 0x000000001a1a1a1a to d4(212) (0x1a1a1a1a00000000, 11110000)
READ WORD: 0x1a1a1a1a2a2a2a2a from 212
WRITE HWORD: 0x0000000037373737 to b8(184) (0x0000000037373737, 00001111)
READ WORD: 0x2a2a2a2a37373737 from 184
WRITE HWORD: 0x00000000c0c0c0c0 to 96(150) (0xc0c0c0c000000000, 11110000)
READ WORD: 0xc0c0c0c013131313 from 148
WRITE HWORD: 0x00000000b6b6b6b6 to 26(38) (0xb6b6b6b600000000, 11110000)
READ WORD: 0xb6b6b6b60a0a0a0a from 36
WRITE HWORD: 0x00000000dcdcdcdc to 7c(124) (0xdcdcdcdc00000000, 11110000)
READ WORD: 0xdcdcdcdcb8b8b8b8 from 124
WRITE HWORD: 0x0000000078787878 to 86(134) (0x7878787800000000, 11110000)
READ WORD: 0x7878787820202020 from 132

Finished Phase 2, starting Phase 3
WRITE BYTE: 0x57 to 7e(126) (0x0057000000000000, 01000000)
READ WORD: 0xdc57dcdcb8b8b8b8 from 124
WRITE BYTE: 0x4f to cf(207) (0x4f00000000000000, 10000000)
READ WORD: 0x4f3c3c3c3c3c3c3c from 204
WRITE BYTE: 0x3d to fa(250) (0x00000000003d0000, 00000100)
READ WORD: 0x29292929263d2626 from 248
WRITE BYTE: 0x60 to 17(23) (0x6000000000000000, 10000000)
READ WORD: 0x608f8f8f7e7e7e7e from 20
WRITE BYTE: 0x72 to 86(134) (0x0072000000000000, 01000000)
READ WORD: 0x7872787820202020 from 132
WRITE BYTE: 0x8c to f5(245) (0x00008c0000000000, 00100000)
READ WORD: 0x69698c69d9d9d9d9 from 244
WRITE BYTE: 0xc9 to 29(41) (0x000000000000c900, 00000010)
READ WORD: 0xb3b3b3b32d2dc92d from 40
WRITE BYTE: 0x9a to c5(197) (0x00009a0000000000, 00100000)
READ WORD: 0x2e2e9a2ec8c8c8c8 from 196
WRITE BYTE: 0x7b to 4b(75) (0x000000007b000000, 00001000)
READ WORD: 0xxxxxxxxx7bd0d0d0 from 72
WRITE BYTE: 0x36 to ec(236) (0x0000003600000000, 00010000)
READ WORD: 0xb6b6b636b6b6b6b6 from 236
WRITE BYTE: 0xc8 to 4e(78) (0x00c8000000000000, 01000000)
READ WORD: 0xxxc8xxxx7bd0d0d0 from 76
WRITE BYTE: 0x49 to a9(169) (0x0000000000004900, 00000010)
READ WORD: 0x9d9d9d9d0e0e490e from 168
WRITE BYTE: 0xf4 to e(14) (0x00f4000000000000, 01000000)
READ WORD: 0x71f471711c1c1c1c from 12
WRITE BYTE: 0xa4 to 9f(159) (0xa400000000000000, 10000000)
READ WORD: 0xa45c5c5cxxxxxxxx from 156
WRITE BYTE: 0x7e to 2a(42) (0x00000000007e0000, 00000100)
READ WORD: 0xb3b3b3b32d7ec92d from 40
WRITE BYTE: 0xa8 to 9e(158) (0x00a8000000000000, 01000000)
READ WORD: 0xa4a85c5cxxxxxxxx from 156
WRITE BYTE: 0xf5 to 79(121) (0x000000000000f500, 00000010)
READ WORD: 0xdc57dcdcb8b8f5b8 from 120
WRITE BYTE: 0xdd to ca(202) (0x0000000000dd0000, 00000100)
READ WORD: 0x4f3c3c3c3cdd3c3c from 200
WRITE BYTE: 0x91 to 6b(107) (0x0000000091000000, 00001000)
READ WORD: 0x3939393991d5d5d5 from 104
WRITE BYTE: 0x3b to b6(182) (0x003b000000000000, 01000000)
READ WORD: 0x883b8888xxxxxxxx from 180
WRITE BYTE: 0xae to c4(196) (0x000000ae00000000, 00010000)
READ WORD: 0x2e2e9aaec8c8c8c8 from 196
WRITE BYTE: 0xcf to 92(146) (0x0000000000cf0000, 00000100)
READ WORD: 0xc0c0c0c013cf1313 from 144
WRITE BYTE: 0x8d to 7f(127) (0x8d00000000000000, 10000000)
READ WORD: 0x8d57dcdcb8b8f5b8 from 124
WRITE BYTE: 0x28 to fa(250) (0x0000000000280000, 00000100)
READ WORD: 0x2929292926282626 from 248
WRITE BYTE: 0x49 to 32(50) (0x0000000000490000, 00000100)
READ WORD: 0xxxxxxxxxxx49xxxx from 48
WRITE BYTE: 0x45 to 84(132) (0x0000004500000000, 00010000)
READ WORD: 0x7872784520202020 from 132
WRITE BYTE: 0xa0 to ca(202) (0x0000000000a00000, 00000100)
READ WORD: 0x4f3c3c3c3ca03c3c from 200
WRITE BYTE: 0x65 to a1(161) (0x0000000000006500, 00000010)
READ WORD: 0xxxxxxxxxxxxx65xx from 160
WRITE BYTE: 0x14 to fb(251) (0x0000000014000000, 00001000)
READ WORD: 0x2929292914282626 from 248
WRITE BYTE: 0xb4 to ef(239) (0xb400000000000000, 10000000)
READ WORD: 0xb4b6b636b6b6b6b6 from 236
WRITE BYTE: 0xa9 to 36(54) (0x00a9000000000000, 01000000)
READ WORD: 0xxxa9xxxxxx49xxxx from 52
WRITE BYTE: 0xae to 8f(143) (0xae00000000000000, 10000000)
READ WORD: 0xae9c9c9cxxxxxxxx from 140
WRITE BYTE: 0xf9 to 88(136) (0x00000000000000f9, 00000001)
READ WORD: 0xae9c9c9cxxxxxxf9 from 136
WRITE BYTE: 0xdf to 9b(155) (0x00000000df000000, 00001000)
READ WORD: 0xa4a85c5cdfxxxxxx from 152
WRITE BYTE: 0xa8 to 28(40) (0x00000000000000a8, 00000001)
READ WORD: 0xb3b3b3b32d7ec9a8 from 40
WRITE BYTE: 0x3e to 4b(75) (0x000000003e000000, 00001000)
READ WORD: 0xxxc8xxxx3ed0d0d0 from 72
WRITE BYTE: 0x4c to 1e(30) (0x004c000000000000, 01000000)
READ WORD: 0x864c8686cfcfcfcf from 28
WRITE BYTE: 0x45 to ec(236) (0x0000004500000000, 00010000)
READ WORD: 0xb4b6b645b6b6b6b6 from 236
WRITE BYTE: 0x5c to d1(209) (0x0000000000005c00, 00000010)
READ WORD: 0x1a1a1a1a2a2a5c2a from 208
WRITE BYTE: 0x7c to 41(65) (0x0000000000007c00, 00000010)
READ WORD: 0x04040404d8d87cd8 from 64
WRITE BYTE: 0xd6 to d8(216) (0x00000000000000d6, 00000001)
READ WORD: 0x9a9a9a9a3d3d3dd6 from 216
WRITE BYTE: 0x57 to 56(86) (0x0057000000000000, 01000000)
READ WORD: 0x4e574e4exxxxxxxx from 84
WRITE BYTE: 0x5c to e2(226) (0x00000000005c0000, 00000100)
READ WORD: 0x5a5a5a5a775c7777 from 224
WRITE BYTE: 0x4a to 73(115) (0x000000004a000000, 00001000)
READ WORD: 0xcacacaca4abababa from 112
WRITE BYTE: 0x5c to 12(18) (0x00000000005c0000, 00000100)
READ WORD: 0x608f8f8f7e5c7e7e from 16
WRITE BYTE: 0x96 to 39(57) (0x0000000000009600, 00000010)
READ WORD: 0x2a2a2a2a3a3a963a from 56
WRITE BYTE: 0x59 to a1(161) (0x0000000000005900, 00000010)
READ WORD: 0xxxxxxxxxxxxx59xx from 160
WRITE BYTE: 0x4e to 81(129) (0x0000000000004e00, 00000010)
READ WORD: 0x7872784520204e20 from 128
WRITE BYTE: 0x42 to 27(39) (0x4200000000000000, 10000000)
READ WORD: 0x42b6b6b60a0a0a0a from 36
WRITE BYTE: 0x62 to 1f(31) (0x6200000000000000, 10000000)
READ WORD: 0x624c8686cfcfcfcf from 28
WRITE BYTE: 0xbe to 58(88) (0x00000000000000be, 00000001)
READ WORD: 0xfafafafa868686be from 88
WRITE BYTE: 0xe8 to 14(20) (0x000000e800000000, 00010000)
READ WORD: 0x608f8fe87e5c7e7e from 20
WRITE BYTE: 0x99 to 96(150) (0x0099000000000000, 01000000)
READ WORD: 0xc099c0c013cf1313 from 148
WRITE BYTE: 0xb6 to 55(85) (0x0000b60000000000, 00100000)
READ WORD: 0x4e57b64exxxxxxxx from 84
WRITE BYTE: 0xbd to 2b(43) (0x00000000bd000000, 00001000)
READ WORD: 0xb3b3b3b3bd7ec9a8 from 40
WRITE BYTE: 0x1e to ad(173) (0x00001e0000000000, 00100000)
READ WORD: 0x9d9d1e9d0e0e490e from 172
WRITE BYTE: 0x88 to 84(132) (0x0000008800000000, 00010000)
READ WORD: 0x7872788820204e20 from 132
WRITE BYTE: 0x96 to e7(231) (0x9600000000000000, 10000000)
READ WORD: 0x965a5a5a775c7777 from 228
WRITE BYTE: 0x6b to 49(73) (0x0000000000006b00, 00000010)
READ WORD: 0xxxc8xxxx3ed06bd0 from 72
WRITE BYTE: 0x2f to c9(201) (0x0000000000002f00, 00000010)
READ WORD: 0x4f3c3c3c3ca02f3c from 200
WRITE BYTE: 0xe3 to a1(161) (0x000000000000e300, 00000010)
READ WORD: 0xxxxxxxxxxxxxe3xx from 160
WRITE BYTE: 0x6e to fa(250) (0x00000000006e0000, 00000100)
READ WORD: 0x29292929146e2626 from 248
WRITE BYTE: 0x72 to 83(131) (0x0000000072000000, 00001000)
READ WORD: 0x7872788872204e20 from 128
WRITE BYTE: 0x0a to 72(114) (0x00000000000a0000, 00000100)
READ WORD: 0xcacacaca4a0ababa from 112
WRITE BYTE: 0x31 to 68(104) (0x0000000000000031, 00000001)
READ WORD: 0x3939393991d5d531 from 104
WRITE BYTE: 0x2e to 86(134) (0x002e000000000000, 01000000)
READ WORD: 0x782e788872204e20 from 132
WRITE BYTE: 0xe8 to 38(56) (0x00000000000000e8, 00000001)
READ WORD: 0x2a2a2a2a3a3a96e8 from 56
WRITE BYTE: 0xa9 to 28(40) (0x00000000000000a9, 00000001)
READ WORD: 0xb3b3b3b3bd7ec9a9 from 40
WRITE BYTE: 0xfa to c5(197) (0x0000fa0000000000, 00100000)
READ WORD: 0x2e2efaaec8c8c8c8 from 196
WRITE BYTE: 0x26 to 74(116) (0x0000002600000000, 00010000)
READ WORD: 0xcacaca264a0ababa from 116
WRITE BYTE: 0x7e to b0(176) (0x000000000000007e, 00000001)
READ WORD: 0x883b8888xxxxxx7e from 176
WRITE BYTE: 0x0c to 2a(42) (0x00000000000c0000, 00000100)
READ WORD: 0xb3b3b3b3bd0cc9a9 from 40
WRITE BYTE: 0x52 to 15(21) (0x0000520000000000, 00100000)
READ WORD: 0x608f52e87e5c7e7e from 20
WRITE BYTE: 0xde to 17(23) (0xde00000000000000, 10000000)
READ WORD: 0xde8f52e87e5c7e7e from 20
WRITE BYTE: 0x04 to c9(201) (0x0000000000000400, 00000010)
READ WORD: 0x4f3c3c3c3ca0043c from 200
WRITE BYTE: 0x37 to 25(37) (0x0000370000000000, 00100000)
READ WORD: 0x42b637b60a0a0a0a from 36
WRITE BYTE: 0xd1 to 8d(141) (0x0000d10000000000, 00100000)
READ WORD: 0xae9cd19cxxxxxxf9 from 140
WRITE BYTE: 0x99 to 7(7) (0x9900000000000000, 10000000)
READ WORD: 0x99595959aeaeaeae from 4
WRITE BYTE: 0x3e to c(12) (0x0000003e00000000, 00010000)
READ WORD: 0x71f4713e1c1c1c1c from 12
WRITE BYTE: 0xd8 to 3b(59) (0x00000000d8000000, 00001000)
READ WORD: 0x2a2a2a2ad83a96e8 from 56
WRITE BYTE: 0xd0 to f7(247) (0xd000000000000000, 10000000)
READ WORD: 0xd0698c69d9d9d9d9 from 244
WRITE BYTE: 0xb0 to 5c(92) (0x000000b000000000, 00010000)
READ WORD: 0xfafafab0868686be from 92
WRITE BYTE: 0x0e to 20(32) (0x000000000000000e, 00000001)
READ WORD: 0x42b637b60a0a0a0e from 32
WRITE BYTE: 0xd8 to 72(114) (0x0000000000d80000, 00000100)
READ WORD: 0xcacaca264ad8baba from 112
WRITE BYTE: 0xe0 to dd(221) (0x0000e00000000000, 00100000)
READ WORD: 0x9a9ae09a3d3d3dd6 from 220
WRITE BYTE: 0xc4 to 4b(75) (0x00000000c4000000, 00001000)
READ WORD: 0xxxc8xxxxc4d06bd0 from 72
WRITE BYTE: 0xd1 to 9e(158) (0x00d1000000000000, 01000000)
READ WORD: 0xa4d15c5cdfxxxxxx from 156
WRITE BYTE: 0xad to 7b(123) (0x00000000ad000000, 00001000)
READ WORD: 0x8d57dcdcadb8f5b8 from 120
WRITE BYTE: 0xc0 to 3(3) (0x00000000c0000000, 00001000)
READ WORD: 0x99595959c0aeaeae from 0
WRITE BYTE: 0xc1 to 1d(29) (0x0000c10000000000, 00100000)
READ WORD: 0x624cc186cfcfcfcf from 28
WRITE BYTE: 0x39 to 44(68) (0x0000003900000000, 00010000)
READ WORD: 0x04040439d8d87cd8 from 68
WRITE BYTE: 0x7e to e0(224) (0x000000000000007e, 00000001)
READ WORD: 0x965a5a5a775c777e from 224
WRITE BYTE: 0x6f to 52(82) (0x00000000006f0000, 00000100)
READ WORD: 0x4e57b64exx6fxxxx from 80
WRITE BYTE: 0x9f to 8d(141) (0x00009f0000000000, 00100000)
READ WORD: 0xae9c9f9cxxxxxxf9 from 140
WRITE BYTE: 0x52 to 84(132) (0x0000005200000000, 00010000)
READ WORD: 0x782e785272204e20 from 132
WRITE BYTE: 0x1f to 8c(140) (0x0000001f00000000, 00010000)
READ WORD: 0xae9c9f1fxxxxxxf9 from 140
WRITE BYTE: 0xae to 17(23) (0xae00000000000000, 10000000)
READ WORD: 0xae8f52e87e5c7e7e from 20
WRITE BYTE: 0x18 to 84(132) (0x0000001800000000, 00010000)
READ WORD: 0x782e781872204e20 from 132
WRITE BYTE: 0xe4 to 7c(124) (0x000000e400000000, 00010000)
READ WORD: 0x8d57dce4adb8f5b8 from 124
WRITE BYTE: 0xd2 to ba(186) (0x0000000000d20000, 00000100)
READ WORD: 0x2a2a2a2a37d23737 from 184
WRITE BYTE: 0xd8 to a6(166) (0x00d8000000000000, 01000000)
READ WORD: 0xxxd8xxxxxxxxe3xx from 164
WRITE BYTE: 0xfc to 32(50) (0x0000000000fc0000, 00000100)
READ WORD: 0xxxa9xxxxxxfcxxxx from 48
WRITE BYTE: 0x33 to 49(73) (0x0000000000003300, 00000010)
READ WORD: 0xxxc8xxxxc4d033d0 from 72
WRITE BYTE: 0xe6 to 3d(61) (0x0000e60000000000, 00100000)
READ WORD: 0x2a2ae62ad83a96e8 from 60
WRITE BYTE: 0xf0 to 5c(92) (0x000000f000000000, 00010000)
READ WORD: 0xfafafaf0868686be from 92
WRITE BYTE: 0x7f to 86(134) (0x007f000000000000, 01000000)
READ WORD: 0x787f781872204e20 from 132
WRITE BYTE: 0xf0 to b4(180) (0x000000f000000000, 00010000)
READ WORD: 0x883b88f0xxxxxx7e from 180
WRITE BYTE: 0x15 to 2c(44) (0x0000001500000000, 00010000)
READ WORD: 0xb3b3b315bd0cc9a9 from 44
WRITE BYTE: 0x02 to 7(7) (0x0200000000000000, 10000000)
READ WORD: 0x02595959c0aeaeae from 4
WRITE BYTE: 0x48 to 11(17) (0x0000000000004800, 00000010)
READ WORD: 0xae8f52e87e5c487e from 16
WRITE BYTE: 0x93 to 4b(75) (0x0000000093000000, 00001000)
READ WORD: 0xxxc8xxxx93d033d0 from 72
WRITE BYTE: 0xb8 to ec(236) (0x000000b800000000, 00010000)
READ WORD: 0xb4b6b6b8b6b6b6b6 from 236
WRITE BYTE: 0xf5 to a4(164) (0x000000f500000000, 00010000)
READ WORD: 0xxxd8xxf5xxxxe3xx from 164
WRITE BYTE: 0x45 to 39(57) (0x0000000000004500, 00000010)
READ WORD: 0x2a2ae62ad83a45e8 from 56
WRITE BYTE: 0x04 to d4(212) (0x0000000400000000, 00010000)
READ WORD: 0x1a1a1a042a2a5c2a from 212
WRITE BYTE: 0xdf to 9d(157) (0x0000df0000000000, 00100000)
READ WORD: 0xa4d1df5cdfxxxxxx from 156
WRITE BYTE: 0x80 to 82(130) (0x0000000000800000, 00000100)
READ WORD: 0x787f781872804e20 from 128
WRITE BYTE: 0x68 to d9(217) (0x0000000000006800, 00000010)
READ WORD: 0x9a9ae09a3d3d68d6 from 216
WRITE BYTE: 0x7e to 1c(28) (0x0000007e00000000, 00010000)
READ WORD: 0x624cc17ecfcfcfcf from 28
WRITE BYTE: 0x0d to e3(227) (0x000000000d000000, 00001000)
READ WORD: 0x965a5a5a0d5c777e from 224
WRITE BYTE: 0x91 to c8(200) (0x0000000000000091, 00000001)
READ WORD: 0x4f3c3c3c3ca00491 from 200
WRITE BYTE: 0x17 to 3a(58) (0x0000000000170000, 00000100)
READ WORD: 0x2a2ae62ad81745e8 from 56
WRITE BYTE: 0xe2 to 2b(43) (0x00000000e2000000, 00001000)
READ WORD: 0xb3b3b315e20cc9a9 from 40
WRITE BYTE: 0xfa to 12(18) (0x0000000000fa0000, 00000100)
READ WORD: 0xae8f52e87efa487e from 16
WRITE BYTE: 0xfa to 59(89) (0x000000000000fa00, 00000010)
READ WORD: 0xfafafaf08686fabe from 88
WRITE BYTE: 0x82 to 6e(110) (0x0082000000000000, 01000000)
READ WORD: 0x3982393991d5d531 from 108
WRITE BYTE: 0x44 to db(219) (0x0000000044000000, 00001000)
READ WORD: 0x9a9ae09a443d68d6 from 216
WRITE BYTE: 0xf5 to bb(187) (0x00000000f5000000, 00001000)
READ WORD: 0x2a2a2a2af5d23737 from 184
WRITE BYTE: 0x5d to f(15) (0x5d00000000000000, 10000000)
READ WORD: 0x5df4713e1c1c1c1c from 12
WRITE BYTE: 0xc7 to c(12) (0x000000c700000000, 00010000)
READ WORD: 0x5df471c71c1c1c1c from 12
WRITE BYTE: 0xc4 to c5(197) (0x0000c40000000000, 00100000)
READ WORD: 0x2e2ec4aec8c8c8c8 from 196
WRITE BYTE: 0x37 to 90(144) (0x0000000000000037, 00000001)
READ WORD: 0xc099c0c013cf1337 from 144
WRITE BYTE: 0x84 to 69(105) (0x0000000000008400, 00000010)
READ WORD: 0x3982393991d58431 from 104
WRITE BYTE: 0xd4 to 4a(74) (0x0000000000d40000, 00000100)
READ WORD: 0xxxc8xxxx93d433d0 from 72
WRITE BYTE: 0xcf to 9b(155) (0x00000000cf000000, 00001000)
READ WORD: 0xa4d1df5ccfxxxxxx from 152
WRITE BYTE: 0xec to b8(184) (0x00000000000000ec, 00000001)
READ WORD: 0x2a2a2a2af5d237ec from 184
WRITE BYTE: 0xef to 86(134) (0x00ef000000000000, 01000000)
READ WORD: 0x78ef781872804e20 from 132
WRITE BYTE: 0x2f to 77(119) (0x2f00000000000000, 10000000)
READ WORD: 0x2fcaca264ad8baba from 116
WRITE BYTE: 0x99 to d4(212) (0x0000009900000000, 00010000)
READ WORD: 0x1a1a1a992a2a5c2a from 212
WRITE BYTE: 0x2e to 76(118) (0x002e000000000000, 01000000)
READ WORD: 0x2f2eca264ad8baba from 116
WRITE BYTE: 0xd3 to 8b(139) (0x00000000d3000000, 00001000)
READ WORD: 0xae9c9f1fd3xxxxf9 from 136
WRITE BYTE: 0x79 to db(219) (0x0000000079000000, 00001000)
READ WORD: 0x9a9ae09a793d68d6 from 216
WRITE BYTE: 0xef to c2(194) (0x0000000000ef0000, 00000100)
READ WORD: 0x2e2ec4aec8efc8c8 from 192
WRITE BYTE: 0x9e to 30(48) (0x000000000000009e, 00000001)
READ WORD: 0xxxa9xxxxxxfcxx9e from 48
WRITE BYTE: 0x3d to 66(102) (0x003d000000000000, 01000000)
READ WORD: 0x703d70704c4c4c4c from 100
WRITE BYTE: 0xe6 to e9(233) (0x000000000000e600, 00000010)
READ WORD: 0xb4b6b6b8b6b6e6b6 from 232
WRITE BYTE: 0x63 to 6(6) (0x0063000000000000, 01000000)
READ WORD: 0x02635959c0aeaeae from 4
WRITE BYTE: 0x11 to e1(225) (0x0000000000001100, 00000010)
READ WORD: 0x965a5a5a0d5c117e from 224
WRITE BYTE: 0xac to ee(238) (0x00ac000000000000, 01000000)
READ WORD: 0xb4acb6b8b6b6e6b6 from 236
WRITE BYTE: 0x47 to e5(229) (0x0000470000000000, 00100000)
READ WORD: 0x965a475a0d5c117e from 228
WRITE BYTE: 0xa9 to 64(100) (0x000000a900000000, 00010000)
READ WORD: 0x703d70a94c4c4c4c from 100
WRITE BYTE: 0xc1 to e1(225) (0x000000000000c100, 00000010)
READ WORD: 0x965a475a0d5cc17e from 224
WRITE BYTE: 0xe2 to 6e(110) (0x00e2000000000000, 01000000)
READ WORD: 0x39e2393991d58431 from 108
WRITE BYTE: 0x2a to d5(213) (0x00002a0000000000, 00100000)
READ WORD: 0x1a1a2a992a2a5c2a from 212
WRITE BYTE: 0x78 to f0(240) (0x0000000000000078, 00000001)
READ WORD: 0xd0698c69d9d9d978 from 240
WRITE BYTE: 0x8f to f(15) (0x8f00000000000000, 10000000)
READ WORD: 0x8ff471c71c1c1c1c from 12
WRITE BYTE: 0x1a to 7d(125) (0x00001a0000000000, 00100000)
READ WORD: 0x8d571ae4adb8f5b8 from 124
WRITE BYTE: 0x8e to e2(226) (0x00000000008e0000, 00000100)
READ WORD: 0x965a475a0d8ec17e from 224
WRITE BYTE: 0x85 to a9(169) (0x0000000000008500, 00000010)
READ WORD: 0x9d9d1e9d0e0e850e from 168
WRITE BYTE: 0xe5 to 5b(91) (0x00000000e5000000, 00001000)
READ WORD: 0xfafafaf0e586fabe from 88
WRITE BYTE: 0x76 to 4a(74) (0x0000000000760000, 00000100)
READ WORD: 0xxxc8xxxx937633d0 from 72
WRITE BYTE: 0x9a to 13(19) (0x000000009a000000, 00001000)
READ WORD: 0xae8f52e89afa487e from 16
WRITE BYTE: 0xe7 to 65(101) (0x0000e70000000000, 00100000)
READ WORD: 0x703de7a94c4c4c4c from 100
WRITE BYTE: 0x8e to b7(183) (0x8e00000000000000, 10000000)
READ WORD: 0x8e3b88f0xxxxxx7e from 180
WRITE BYTE: 0xce to 3a(58) (0x0000000000ce0000, 00000100)
READ WORD: 0x2a2ae62ad8ce45e8 from 56
WRITE BYTE: 0xf6 to 62(98) (0x0000000000f60000, 00000100)
READ WORD: 0x703de7a94cf64c4c from 96
WRITE BYTE: 0xda to 2a(42) (0x0000000000da0000, 00000100)
READ WORD: 0xb3b3b315e2dac9a9 from 40
WRITE BYTE: 0x40 to 59(89) (0x0000000000004000, 00000010)
READ WORD: 0xfafafaf0e58640be from 88
WRITE BYTE: 0xd6 to ed(237) (0x0000d60000000000, 00100000)
READ WORD: 0xb4acd6b8b6b6e6b6 from 236
WRITE BYTE: 0x1b to 41(65) (0x0000000000001b00, 00000010)
READ WORD: 0x04040439d8d81bd8 from 64
WRITE BYTE: 0xb3 to db(219) (0x00000000b3000000, 00001000)
READ WORD: 0x9a9ae09ab33d68d6 from 216
WRITE BYTE: 0x04 to 70(112) (0x0000000000000004, 00000001)
READ WORD: 0x2f2eca264ad8ba04 from 112
WRITE BYTE: 0x72 to a2(162) (0x0000000000720000, 00000100)
READ WORD: 0xxxd8xxf5xx72e3xx from 160
WRITE BYTE: 0x50 to 6a(106) (0x0000000000500000, 00000100)
READ WORD: 0x39e2393991508431 from 104
WRITE BYTE: 0x34 to 50(80) (0x0000000000000034, 00000001)
READ WORD: 0x4e57b64exx6fxx34 from 80
WRITE BYTE: 0x78 to 25(37) (0x0000780000000000, 00100000)
READ WORD: 0x42b678b60a0a0a0e from 36
WRITE BYTE: 0x7c to f6(246) (0x007c000000000000, 01000000)
READ WORD: 0xd07c8c69d9d9d978 from 244
WRITE BYTE: 0x95 to 23(35) (0x0000000095000000, 00001000)
READ WORD: 0x42b678b6950a0a0e from 32
WRITE BYTE: 0x31 to c8(200) (0x0000000000000031, 00000001)
READ WORD: 0x4f3c3c3c3ca00431 from 200
WRITE BYTE: 0xc8 to e(14) (0x00c8000000000000, 01000000)
READ WORD: 0x8fc871c71c1c1c1c from 12
WRITE BYTE: 0xdd to c(12) (0x000000dd00000000, 00010000)
READ WORD: 0x8fc871dd1c1c1c1c from 12
WRITE BYTE: 0x4f to d4(212) (0x0000004f00000000, 00010000)
READ WORD: 0x1a1a2a4f2a2a5c2a from 212
WRITE BYTE: 0x86 to b9(185) (0x0000000000008600, 00000010)
READ WORD: 0x2a2a2a2af5d286ec from 184
WRITE BYTE: 0x87 to f4(244) (0x0000008700000000, 00010000)
READ WORD: 0xd07c8c87d9d9d978 from 244
WRITE BYTE: 0xcc to c(12) (0x000000cc00000000, 00010000)
READ WORD: 0x8fc871cc1c1c1c1c from 12
WRITE BYTE: 0xca to 2(2) (0x0000000000ca0000, 00000100)
READ WORD: 0x02635959c0caaeae from 0
WRITE BYTE: 0x55 to 5(5) (0x0000550000000000, 00100000)
READ WORD: 0x02635559c0caaeae from 4
WRITE BYTE: 0x60 to 2(2) (0x0000000000600000, 00000100)
READ WORD: 0x02635559c060aeae from 0
WRITE BYTE: 0x8f to 8(8) (0x000000000000008f, 00000001)
READ WORD: 0x8fc871cc1c1c1c8f from 8
WRITE BYTE: 0x82 to af(175) (0x8200000000000000, 10000000)
READ WORD: 0x829d1e9d0e0e850e from 172
WRITE BYTE: 0x93 to 90(144) (0x0000000000000093, 00000001)
READ WORD: 0xc099c0c013cf1393 from 144
WRITE BYTE: 0x79 to 4c(76) (0x0000007900000000, 00010000)
READ WORD: 0xxxc8xx79937633d0 from 76
WRITE BYTE: 0x64 to 40(64) (0x0000000000000064, 00000001)
READ WORD: 0x04040439d8d81b64 from 64
WRITE BYTE: 0x35 to d(13) (0x0000350000000000, 00100000)
READ WORD: 0x8fc835cc1c1c1c8f from 12
WRITE BYTE: 0xf4 to 2d(45) (0x0000f40000000000, 00100000)
READ WORD: 0xb3b3f415e2dac9a9 from 44
WRITE BYTE: 0xcb to bc(188) (0x000000cb00000000, 00010000)
READ WORD: 0x2a2a2acbf5d286ec from 188
WRITE BYTE: 0xd8 to c0(192) (0x00000000000000d8, 00000001)
READ WORD: 0x2e2ec4aec8efc8d8 from 192
WRITE BYTE: 0xf2 to a1(161) (0x000000000000f200, 00000010)
READ WORD: 0xxxd8xxf5xx72f2xx from 160
WRITE BYTE: 0x28 to f5(245) (0x0000280000000000, 00100000)
READ WORD: 0xd07c2887d9d9d978 from 244
WRITE BYTE: 0x39 to 5d(93) (0x0000390000000000, 00100000)
READ WORD: 0xfafa39f0e58640be from 92
WRITE BYTE: 0x61 to 6a(106) (0x0000000000610000, 00000100)
READ WORD: 0x39e2393991618431 from 104
WRITE BYTE: 0xba to b8(184) (0x00000000000000ba, 00000001)
READ WORD: 0x2a2a2acbf5d286ba from 184
WRITE BYTE: 0x35 to fa(250) (0x0000000000350000, 00000100)
READ WORD: 0x2929292914352626 from 248
WRITE BYTE: 0x65 to 7(7) (0x6500000000000000, 10000000)
READ WORD: 0x65635559c060aeae from 4
WRITE BYTE: 0x43 to 55(85) (0x0000430000000000, 00100000)
READ WORD: 0x4e57434exx6fxx34 from 84
WRITE BYTE: 0x1f to 45(69) (0x00001f0000000000, 00100000)
READ WORD: 0x04041f39d8d81b64 from 68
WRITE BYTE: 0x7a to 59(89) (0x0000000000007a00, 00000010)
READ WORD: 0xfafa39f0e5867abe from 88
WRITE BYTE: 0x75 to 68(104) (0x0000000000000075, 00000001)
READ WORD: 0x39e2393991618475 from 104
WRITE BYTE: 0xc6 to 90(144) (0x00000000000000c6, 00000001)
READ WORD: 0xc099c0c013cf13c6 from 144
WRITE BYTE: 0x97 to 1c(28) (0x0000009700000000, 00010000)
READ WORD: 0x624cc197cfcfcfcf from 28
WRITE BYTE: 0xb9 to ab(171) (0x00000000b9000000, 00001000)
READ WORD: 0x829d1e9db90e850e from 168
WRITE BYTE: 0x9d to 6f(111) (0x9d00000000000000, 10000000)
READ WORD: 0x9de2393991618475 from 108
WRITE BYTE: 0xd2 to 45(69) (0x0000d20000000000, 00100000)
READ WORD: 0x0404d239d8d81b64 from 68
WRITE BYTE: 0xb1 to 8b(139) (0x00000000b1000000, 00001000)
READ WORD: 0xae9c9f1fb1xxxxf9 from 136
WRITE BYTE: 0x80 to dc(220) (0x0000008000000000, 00010000)
READ WORD: 0x9a9ae080b33d68d6 from 220
WRITE BYTE: 0x61 to 19(25) (0x0000000000006100, 00000010)
READ WORD: 0x624cc197cfcf61cf from 24
WRITE BYTE: 0xb9 to 3e(62) (0x00b9000000000000, 01000000)
READ WORD: 0x2ab9e62ad8ce45e8 from 60
WRITE BYTE: 0x18 to 58(88) (0x0000000000000018, 00000001)
READ WORD: 0xfafa39f0e5867a18 from 88
WRITE BYTE: 0x09 to 5c(92) (0x0000000900000000, 00010000)
READ WORD: 0xfafa3909e5867a18 from 92
WRITE BYTE: 0xd3 to 9a(154) (0x0000000000d30000, 00000100)
READ WORD: 0xa4d1df5ccfd3xxxx from 152
WRITE BYTE: 0x67 to c5(197) (0x0000670000000000, 00100000)
READ WORD: 0x2e2e67aec8efc8d8 from 196
WRITE BYTE: 0x57 to 1a(26) (0x0000000000570000, 00000100)
READ WORD: 0x624cc197cf5761cf from 24
WRITE BYTE: 0x29 to b2(178) (0x0000000000290000, 00000100)
READ WORD: 0x8e3b88f0xx29xx7e from 176
WRITE BYTE: 0x7e to e9(233) (0x0000000000007e00, 00000010)
READ WORD: 0xb4acd6b8b6b67eb6 from 232
WRITE BYTE: 0xdc to eb(235) (0x00000000dc000000, 00001000)
READ WORD: 0xb4acd6b8dcb67eb6 from 232
WRITE BYTE: 0x7f to f2(242) (0x00000000007f0000, 00000100)
READ WORD: 0xd07c2887d97fd978 from 240
WRITE BYTE: 0xd5 to 6f(111) (0xd500000000000000, 10000000)
READ WORD: 0xd5e2393991618475 from 108
WRITE BYTE: 0x2c to ad(173) (0x00002c0000000000, 00100000)
READ WORD: 0x829d2c9db90e850e from 172
WRITE BYTE: 0xf7 to 25(37) (0x0000f70000000000, 00100000)
READ WORD: 0x42b6f7b6950a0a0e from 36
WRITE BYTE: 0x8f to ab(171) (0x000000008f000000, 00001000)
READ WORD: 0x829d2c9d8f0e850e from 168
WRITE BYTE: 0xbc to 80(128) (0x00000000000000bc, 00000001)
READ WORD: 0x78ef781872804ebc from 128
WRITE BYTE: 0x7c to 82(130) (0x00000000007c0000, 00000100)
READ WORD: 0x78ef7818727c4ebc from 128
WRITE BYTE: 0x93 to 57(87) (0x9300000000000000, 10000000)
READ WORD: 0x9357434exx6fxx34 from 84
WRITE BYTE: 0xc1 to 32(50) (0x0000000000c10000, 00000100)
READ WORD: 0xxxa9xxxxxxc1xx9e from 48
WRITE BYTE: 0x50 to e4(228) (0x0000005000000000, 00010000)
READ WORD: 0x965a47500d8ec17e from 228
WRITE BYTE: 0x57 to aa(170) (0x0000000000570000, 00000100)
READ WORD: 0x829d2c9d8f57850e from 168
WRITE BYTE: 0xef to 2e(46) (0x00ef000000000000, 01000000)
READ WORD: 0xb3eff415e2dac9a9 from 44
WRITE BYTE: 0x88 to 71(113) (0x0000000000008800, 00000010)
READ WORD: 0x2f2eca264ad88804 from 112
WRITE BYTE: 0x24 to bc(188) (0x0000002400000000, 00010000)
READ WORD: 0x2a2a2a24f5d286ba from 188
WRITE BYTE: 0x07 to 17(23) (0x0700000000000000, 10000000)
READ WORD: 0x078f52e89afa487e from 20
WRITE BYTE: 0x69 to eb(235) (0x0000000069000000, 00001000)
READ WORD: 0xb4acd6b869b67eb6 from 232
WRITE BYTE: 0x6c to 89(137) (0x0000000000006c00, 00000010)
READ WORD: 0xae9c9f1fb1xx6cf9 from 136
WRITE BYTE: 0x79 to bf(191) (0x7900000000000000, 10000000)
READ WORD: 0x792a2a24f5d286ba from 188
WRITE BYTE: 0x61 to d3(211) (0x0000000061000000, 00001000)
READ WORD: 0x1a1a2a4f612a5c2a from 208
WRITE BYTE: 0x80 to 82(130) (0x0000000000800000, 00000100)
READ WORD: 0x78ef781872804ebc from 128
WRITE BYTE: 0xcf to 71(113) (0x000000000000cf00, 00000010)
READ WORD: 0x2f2eca264ad8cf04 from 112
WRITE BYTE: 0x46 to e(14) (0x0046000000000000, 01000000)
READ WORD: 0x8f4635cc1c1c1c8f from 12
WRITE BYTE: 0x88 to cd(205) (0x0000880000000000, 00100000)
READ WORD: 0x4f3c883c3ca00431 from 204
WRITE BYTE: 0x45 to 1c(28) (0x0000004500000000, 00010000)
READ WORD: 0x624cc145cf5761cf from 28
WRITE BYTE: 0x57 to ec(236) (0x0000005700000000, 00010000)
READ WORD: 0xb4acd65769b67eb6 from 236
WRITE BYTE: 0x6a to 65(101) (0x00006a0000000000, 00100000)
READ WORD: 0x703d6aa94cf64c4c from 100
WRITE BYTE: 0x8f to 3(3) (0x000000008f000000, 00001000)
READ WORD: 0x656355598f60aeae from 0
WRITE BYTE: 0xe5 to fd(253) (0x0000e50000000000, 00100000)
READ WORD: 0x2929e52914352626 from 252
WRITE BYTE: 0x47 to e8(232) (0x0000000000000047, 00000001)
READ WORD: 0xb4acd65769b67e47 from 232
WRITE BYTE: 0x47 to b0(176) (0x0000000000000047, 00000001)
READ WORD: 0x8e3b88f0xx29xx47 from 176
WRITE BYTE: 0x04 to 12(18) (0x0000000000040000, 00000100)
READ WORD: 0x078f52e89a04487e from 16

>> Test Passed! <<

